kali@kali:~/writeups/htb/lame$ ftp 10.10.10.3 
Connected to 10.10.10.3.
220 (vsFTPd 2.3.4)
Name (10.10.10.3:kali): anonymous
331 Please specify the password.
Password:
230 Login successful.
Remote system type is UNIX.
Using binary mode to transfer files.
ftp> ls
200 PORT command successful. Consider using PASV.
150 Here comes the directory listing.
226 Directory send OK.
ftp> ls -la
200 PORT command successful. Consider using PASV.
150 Here comes the directory listing.
drwxr-xr-x    2 0        65534        4096 Mar 17  2010 .
drwxr-xr-x    2 0        65534        4096 Mar 17  2010 ..
226 Directory send OK.
ftp> exit
221 Goodbye.

